<?xml version="1.0" encoding="UTF-8"?>
<!-- Generated by org.testng.reporters.JUnitXMLReporter -->
<testsuite hostname="E4ML18197" ignored="2" name="Default test" tests="6" failures="0" timestamp="05 Nov 2017 14:58:13 GMT" time="53.47" errors="0">
  <testcase name="tc_001_login_functionality" time="1.162" classname="org.automation.testing.testcases.TC_001_ValidateLoginFunctionality"/>
  <testcase name="tc_001_login_functionality" time="11.018" classname="org.automation.testing.testcases.TC_001_ValidateLoginFunctionality"/>
  <testcase name="tc_001_login_functionality" time="1.318" classname="org.automation.testing.testcases.TC_001_ValidateLoginFunctionality"/>
  <testcase name="tc_002_RegsiterNewUser" time="1.03" classname="org.automation.testing.testcases.TC_002_RegisterNewUser"/>
  <testcase name="tc_002_RegsiterNewUser" time="0.965" classname="org.automation.testing.testcases.TC_002_RegisterNewUser"/>
  <testcase name="tc_002_RegsiterNewUser" time="1.044" classname="org.automation.testing.testcases.TC_002_RegisterNewUser"/>
  <testcase name="@AfterSuite generatereport" time="0.0" classname="org.automation.testing.base.DriverInstance">
    <ignored/>
  </testcase> <!-- @AfterSuite generatereport -->
  <testcase name="@AfterSuite generatereport" time="0.0" classname="org.automation.testing.base.DriverInstance">
    <ignored/>
  </testcase> <!-- @AfterSuite generatereport -->
</testsuite> <!-- Default test -->
