<?xml version="1.0" encoding="UTF-8"?>
<!-- Generated by org.testng.reporters.JUnitXMLReporter -->
<testsuite hostname="E4ML18197" ignored="1" name="Test" tests="6" failures="0" timestamp="05 Nov 2017 07:28:13 GMT" time="49.089" errors="0">
  <testcase name="tc_002_RegsiterNewUser" time="0.993" classname="org.automation.testing.testcases.TC_002_RegisterNewUser"/>
  <testcase name="tc_002_RegsiterNewUser" time="0.944" classname="org.automation.testing.testcases.TC_002_RegisterNewUser"/>
  <testcase name="tc_002_RegsiterNewUser" time="0.959" classname="org.automation.testing.testcases.TC_002_RegisterNewUser"/>
  <testcase name="tc_001_login_functionality" time="1.24" classname="org.automation.testing.testcases.TC_001_ValidateLoginFunctionality"/>
  <testcase name="tc_001_login_functionality" time="1.176" classname="org.automation.testing.testcases.TC_001_ValidateLoginFunctionality"/>
  <testcase name="tc_001_login_functionality" time="1.565" classname="org.automation.testing.testcases.TC_001_ValidateLoginFunctionality"/>
  <testcase name="@AfterSuite generatereport" time="0.0" classname="org.automation.testing.base.DriverInstance">
    <ignored/>
  </testcase> <!-- @AfterSuite generatereport -->
</testsuite> <!-- Test -->
